sample.interval=20000
"unlist" "unique" "findLocalsList1" "FUN" "lapply" "unlist" "unique" "findLocalsList1" "FUN" "lapply" "unlist" "unique" "findLocalsList1" "FUN" "lapply" "unlist" "unique" "findLocalsList1" "unique" "FUN" "lapply" "unlist" "unique" "findLocalsList1" "FUN" "lapply" "unlist" "unique" "findLocalsList1" "FUN" "lapply" "unlist" "unique" "findLocalsList1" "FUN" "lapply" "unlist" "unique" "findLocalsList1" "FUN" "lapply" "unlist" "unique" "findLocalsList1" "FUN" "lapply" "unlist" "unique" "findLocalsList1" "findLocalsList" "funEnv" "make.functionContext" "cmpfun" "doTryCatch" "tryCatchOne" "tryCatchList" "tryCatch" "compiler:::tryCmpfun" "IPTM.inference" 
"findCenvVar" "getInlineInfo" "tryInline" "cmpCall" "cmp" "h" "tryInline" "cmpCall" "cmp" "genCode" "cmpfun" "doTryCatch" "tryCatchOne" "tryCatchList" "tryCatch" "compiler:::tryCmpfun" "IPTM.inference" 
"%in%" "findCenvVar" "findVar" "cmpSym" "cmp" "cmpSubsetDispatch" "h" "tryInline" "cmpCall" "cmp" "cmpBuiltinArgs" "cmpDispatch" "h" "tryInline" "cmpCall" "cmp" "cmpPrim2" "h" "tryInline" "cmpCall" "cmp" "genCode" "cb$putconst" "cmpCallArgs" "cmpCallSymFun" "cmpCall" "cmp" "h" "tryInline" "cmpCall" "cmp" "genCode" "h" "tryInline" "cmpCall" "cmp" "genCode" "cb$putconst" "cmpCallArgs" "cmpCallSymFun" "cmpCall" "cmp" "cmpSymbolAssign" "h" "tryInline" "cmpCall" "cmp" "h" "tryInline" "cmpCall" "cmp" "h" "tryInline" "cmpCall" "cmp" "h" "tryInline" "cmpCall" "cmp" "genCode" "cmpfun" "doTryCatch" "tryCatchOne" "tryCatchList" "tryCatch" "compiler:::tryCmpfun" "IPTM.inference" 
"cb$commitlocs" "codeBufCode" "genCode" "cb$putconst" "cmpCallArgs" "cmpCallSymFun" "cmpCall" "cmp" "cmpComplexAssign" "h" "tryInline" "cmpCall" "cmp" "h" "tryInline" "cmpCall" "cmp" "cmpForBody" "h" "tryInline" "cmpCall" "cmp" "h" "tryInline" "cmpCall" "cmp" "genCode" "cmpfun" "doTryCatch" "tryCatchOne" "tryCatchList" "tryCatch" "compiler:::tryCmpfun" "IPTM.inference" 
"tryCatch" "checkCall" "cmpCall" "cmp" "cmpSymbolAssign" "h" "tryInline" "cmpCall" "cmp" "h" "tryInline" "cmpCall" "cmp" "h" "tryInline" "cmpCall" "cmp" "h" "tryInline" "cmpCall" "cmp" "cmpForBody" "h" "tryInline" "cmpCall" "cmp" "h" "tryInline" "cmpCall" "cmp" "cmpForBody" "h" "tryInline" "cmpCall" "cmp" "h" "tryInline" "cmpCall" "cmp" "cmpForBody" "h" "tryInline" "cmpCall" "cmp" "h" "tryInline" "cmpCall" "cmp" "genCode" "cmpfun" "doTryCatch" "tryCatchOne" "tryCatchList" "tryCatch" "compiler:::tryCmpfun" "IPTM.inference" 
"findVar" "cmpSym" "cmp" "cmpPrim2" "h" "tryInline" "cmpCall" "cmp" "h" "tryInline" "cmpCall" "cmp" "h" "tryInline" "cmpCall" "cmp" "cmpForBody" "h" "tryInline" "cmpCall" "cmp" "h" "tryInline" "cmpCall" "cmp" "genCode" "cmpfun" "doTryCatch" "tryCatchOne" "tryCatchList" "tryCatch" "compiler:::tryCmpfun" "IPTM.inference" 
"$" "getInlineInfo" "tryInline" "cmpCall" "cmp" "genCode" "cb$putconst" "cmpCallArgs" "cmpCallSymFun" "cmpCall" "cmp" "cmpSymbolAssign" "h" "tryInline" "cmpCall" "cmp" "h" "tryInline" "cmpCall" "cmp" "cmpForBody" "h" "tryInline" "cmpCall" "cmp" "h" "tryInline" "cmpCall" "cmp" "genCode" "cmpfun" "doTryCatch" "tryCatchOne" "tryCatchList" "tryCatch" "compiler:::tryCmpfun" "IPTM.inference" 
"findCenvVar" "findVar" "cmpSym" "cmp" "cmpSubsetDispatch" "h" "tryInline" "cmpCall" "cmp" "cmpPrim1" "h" "tryInline" "cmpCall" "cmp" "genCode" "cb$putconst" "cmpCallArgs" "cmpCallSymFun" "cmpCall" "cmp" "h" "tryInline" "cmpCall" "cmp" "cmpPrim2" "h" "tryInline" "cmpCall" "cmp" "cmpPrim2" "h" "tryInline" "cmpCall" "cmp" "cmpPrim2" "h" "tryInline" "cmpCall" "cmp" "cmpPrim2" "h" "tryInline" "cmpCall" "cmp" "cmpPrim2" "h" "tryInline" "cmpCall" "cmp" "cmpSymbolAssign" "h" "tryInline" "cmpCall" "cmp" "h" "tryInline" "cmpCall" "cmp" "cmpForBody" "h" "tryInline" "cmpCall" "cmp" "h" "tryInline" "cmpCall" "cmp" "cmpForBody" "h" "tryInline" "cmpCall" "cmp" "h" "tryInline" "cmpCall" "cmp" "genCode" "cmpfun" "doTryCatch" "tryCatchOne" "tryCatchList" "tryCatch" "compiler:::tryCmpfun" "IPTM.inference" 
"NextMethod" "[.POSIXct" "[" "FUN" "lapply" "as.list.POSIXct" "as.list" "vapply" "IPTM.inference" 
"options" "%in%" "getOption" "wday.numeric" "wday" "wday.default" "wday" "FUN" "vapply" "IPTM.inference" 
"wday" "FUN" "vapply" "IPTM.inference" 
"%in%" "getOption" "wday.numeric" "wday" "wday.default" "wday" "FUN" "vapply" "IPTM.inference" 
"options" "%in%" "getOption" "wday.numeric" "wday" "wday.default" "wday" "FUN" "vapply" "IPTM.inference" 
"wday" "FUN" "vapply" "IPTM.inference" 
"options" "%in%" "getOption" "wday.numeric" "wday" "wday.default" "wday" "FUN" "vapply" "IPTM.inference" 
"attr" "tz.default" "tz" "as.POSIXlt.POSIXct" "as.POSIXlt" "wday" "wday.default" "wday" "FUN" "vapply" "IPTM.inference" 
"options" "%in%" "getOption" "wday.numeric" "wday" "wday.default" "wday" "FUN" "vapply" "IPTM.inference" 
"options" "%in%" "getOption" "wday.numeric" "wday" "wday.default" "wday" "FUN" "vapply" "IPTM.inference" 
"NextMethod" "[.POSIXct" "[" "FUN" "lapply" "as.list.POSIXct" "as.list" "vapply" "IPTM.inference" 
"FUN" "vapply" "IPTM.inference" 
"as.POSIXlt" "hour.default" "hour" "FUN" "vapply" "IPTM.inference" 
".Call" "rdirichlet_cpp" "FUN" "vapply" "transpose" "tvapply" "IPTM.inference" 
".Call" "multinom_vec" "FUN" "lapply" "IPTM.inference" 
"rbinom" "matrix" "IPTM.inference" 
"rbinom" "matrix" "IPTM.inference" 
"rbinom" "matrix" "IPTM.inference" 
".Call" "tabulateC" "IPTM.inference" 
".Call" "Netstats_cpp" "IPTM.inference" 
".Call" "Netstats_cpp" "IPTM.inference" 
".Call" "Netstats_cpp" "IPTM.inference" 
".Call" "Netstats_cpp" "IPTM.inference" 
".Call" "Netstats_cpp" "IPTM.inference" 
".Call" "Netstats_cpp" "IPTM.inference" 
".Call" "History" "IPTM.inference" 
".Call" "Netstats_cpp" "IPTM.inference" 
".Call" "Netstats_cpp" "IPTM.inference" 
".Call" "Netstats_cpp" "IPTM.inference" 
".Call" "Netstats_cpp" "IPTM.inference" 
".Call" "History" "IPTM.inference" 
".Call" "Netstats_cpp" "IPTM.inference" 
".Call" "Netstats_cpp" "IPTM.inference" 
".Call" "History" "IPTM.inference" 
".Call" "Netstats_cpp" "IPTM.inference" 
".Call" "Netstats_cpp" "IPTM.inference" 
"History" "IPTM.inference" 
".Call" "Netstats_cpp" "IPTM.inference" 
".Call" "Netstats_cpp" "IPTM.inference" 
".Call" "Netstats_cpp" "IPTM.inference" 
".Call" "History" "IPTM.inference" 
".Call" "Netstats_cpp" "IPTM.inference" 
".Call" "Netstats_cpp" "IPTM.inference" 
".Call" "Netstats_cpp" "IPTM.inference" 
".Call" "Netstats_cpp" "IPTM.inference" 
".Call" "Netstats_cpp" "IPTM.inference" 
".Call" "Netstats_cpp" "IPTM.inference" 
".Call" "Netstats_cpp" "IPTM.inference" 
".Call" "Netstats_cpp" "IPTM.inference" 
".Call" "Netstats_cpp" "IPTM.inference" 
".Call" "Netstats_cpp" "IPTM.inference" 
".Call" "Netstats_cpp" "IPTM.inference" 
".Call" "Netstats_cpp" "IPTM.inference" 
".Call" "Netstats_cpp" "IPTM.inference" 
".Call" "Netstats_cpp" "IPTM.inference" 
".Call" "Netstats_cpp" "IPTM.inference" 
".Call" "Netstats_cpp" "IPTM.inference" 
".Call" "Netstats_cpp" "IPTM.inference" 
".Call" "Netstats_cpp" "IPTM.inference" 
".Call" "Netstats_cpp" "IPTM.inference" 
".Call" "Netstats_cpp" "IPTM.inference" 
".Call" "Netstats_cpp" "IPTM.inference" 
".Call" "History" "IPTM.inference" 
".Call" "History" "IPTM.inference" 
".Call" "History" "IPTM.inference" 
".Call" "History" "IPTM.inference" 
".Call" "History" "IPTM.inference" 
".Call" "History" "IPTM.inference" 
".Call" "History" "IPTM.inference" 
".Call" "History" "IPTM.inference" 
".Call" "History" "IPTM.inference" 
".Call" "History" "IPTM.inference" 
".Call" "History" "IPTM.inference" 
".Call" "Netstats_cpp" "IPTM.inference" 
".Call" "Netstats_cpp" "IPTM.inference" 
".Call" "Netstats_cpp" "IPTM.inference" 
".Call" "Netstats_cpp" "IPTM.inference" 
".Call" "Netstats_cpp" "IPTM.inference" 
".Call" "Netstats_cpp" "IPTM.inference" 
".Call" "Netstats_cpp" "IPTM.inference" 
".Call" "Netstats_cpp" "IPTM.inference" 
".Call" "Netstats_cpp" "IPTM.inference" 
".Call" "Netstats_cpp" "IPTM.inference" 
".Call" "Netstats_cpp" "IPTM.inference" 
".Call" "Netstats_cpp" "IPTM.inference" 
".Call" "Netstats_cpp" "IPTM.inference" 
".Call" "Netstats_cpp" "IPTM.inference" 
".Call" "Netstats_cpp" "IPTM.inference" 
".Call" "Netstats_cpp" "IPTM.inference" 
".Call" "Netstats_cpp" "IPTM.inference" 
".Call" "Netstats_cpp" "IPTM.inference" 
".Call" "Netstats_cpp" "IPTM.inference" 
".Call" "History" "IPTM.inference" 
".Call" "Netstats_cpp" "IPTM.inference" 
".Call" "Netstats_cpp" "IPTM.inference" 
".Call" "Netstats_cpp" "IPTM.inference" 
".Call" "Netstats_cpp" "IPTM.inference" 
".Call" "Netstats_cpp" "IPTM.inference" 
".Call" "Netstats_cpp" "IPTM.inference" 
".Call" "Netstats_cpp" "IPTM.inference" 
".Call" "Netstats_cpp" "IPTM.inference" 
".Call" "Netstats_cpp" "IPTM.inference" 
".Call" "Netstats_cpp" "IPTM.inference" 
".Call" "Netstats_cpp" "IPTM.inference" 
".Call" "Netstats_cpp" "IPTM.inference" 
".Call" "Netstats_cpp" "IPTM.inference" 
".Call" "Netstats_cpp" "IPTM.inference" 
".Call" "Netstats_cpp" "IPTM.inference" 
".Call" "Netstats_cpp" "IPTM.inference" 
".Call" "Netstats_cpp" "IPTM.inference" 
".Call" "Netstats_cpp" "IPTM.inference" 
".Call" "Netstats_cpp" "IPTM.inference" 
".Call" "Netstats_cpp" "IPTM.inference" 
".Call" "Netstats_cpp" "IPTM.inference" 
".Call" "Netstats_cpp" "IPTM.inference" 
".Call" "Netstats_cpp" "IPTM.inference" 
".Call" "Netstats_cpp" "IPTM.inference" 
".Call" "Netstats_cpp" "IPTM.inference" 
".Call" "Netstats_cpp" "IPTM.inference" 
".Call" "Netstats_cpp" "IPTM.inference" 
".Call" "Netstats_cpp" "IPTM.inference" 
".Call" "Netstats_cpp" "IPTM.inference" 
".Call" "Netstats_cpp" "IPTM.inference" 
".Call" "Netstats_cpp" "IPTM.inference" 
".Call" "Netstats_cpp" "IPTM.inference" 
".Call" "Netstats_cpp" "IPTM.inference" 
".Call" "Netstats_cpp" "IPTM.inference" 
".Call" "Netstats_cpp" "IPTM.inference" 
".Call" "Netstats_cpp" "IPTM.inference" 
".Call" "Netstats_cpp" "IPTM.inference" 
"IPTM.inference" 
".Call" "Netstats_cpp" "IPTM.inference" 
".Call" "Netstats_cpp" "IPTM.inference" 
".Call" "Netstats_cpp" "IPTM.inference" 
".Call" "Netstats_cpp" "IPTM.inference" 
".Call" "Netstats_cpp" "IPTM.inference" 
".Call" "Netstats_cpp" "IPTM.inference" 
".Call" "History" "IPTM.inference" 
".Call" "Netstats_cpp" "IPTM.inference" 
".Call" "Netstats_cpp" "IPTM.inference" 
".Call" "Netstats_cpp" "IPTM.inference" 
".Call" "Netstats_cpp" "IPTM.inference" 
".Call" "Netstats_cpp" "IPTM.inference" 
".Call" "Netstats_cpp" "IPTM.inference" 
".Call" "Netstats_cpp" "IPTM.inference" 
".Call" "Netstats_cpp" "IPTM.inference" 
".Call" "Netstats_cpp" "IPTM.inference" 
".Call" "Netstats_cpp" "IPTM.inference" 
".Call" "Netstats_cpp" "IPTM.inference" 
".Call" "Netstats_cpp" "IPTM.inference" 
".Call" "Netstats_cpp" "IPTM.inference" 
".Call" "Netstats_cpp" "IPTM.inference" 
".Call" "Netstats_cpp" "IPTM.inference" 
".Call" "Netstats_cpp" "IPTM.inference" 
".Call" "Netstats_cpp" "IPTM.inference" 
".Call" "Netstats_cpp" "IPTM.inference" 
".Call" "Netstats_cpp" "IPTM.inference" 
".Call" "Netstats_cpp" "IPTM.inference" 
".Call" "Netstats_cpp" "IPTM.inference" 
".Call" "Netstats_cpp" "IPTM.inference" 
".Call" "Netstats_cpp" "IPTM.inference" 
".Call" "Netstats_cpp" "IPTM.inference" 
".Call" "Netstats_cpp" "IPTM.inference" 
".Call" "Netstats_cpp" "IPTM.inference" 
".Call" "Netstats_cpp" "IPTM.inference" 
".Call" "Netstats_cpp" "IPTM.inference" 
".Call" "Netstats_cpp" "IPTM.inference" 
".Call" "Netstats_cpp" "IPTM.inference" 
".Call" "Netstats_cpp" "IPTM.inference" 
".Call" "Netstats_cpp" "IPTM.inference" 
".Call" "History" "IPTM.inference" 
".Call" "Netstats_cpp" "IPTM.inference" 
".Call" "Netstats_cpp" "IPTM.inference" 
".Call" "Netstats_cpp" "IPTM.inference" 
".Call" "Netstats_cpp" "IPTM.inference" 
".Call" "Netstats_cpp" "IPTM.inference" 
".Call" "Netstats_cpp" "IPTM.inference" 
".Call" "Netstats_cpp" "IPTM.inference" 
".Call" "History" "IPTM.inference" 
".Call" "Netstats_cpp" "IPTM.inference" 
".Call" "Netstats_cpp" "IPTM.inference" 
".Call" "History" "IPTM.inference" 
".Call" "Netstats_cpp" "IPTM.inference" 
".Call" "Netstats_cpp" "IPTM.inference" 
".Call" "Netstats_cpp" "IPTM.inference" 
".Call" "Netstats_cpp" "IPTM.inference" 
".Call" "Netstats_cpp" "IPTM.inference" 
".Call" "History" "IPTM.inference" 
".Call" "Netstats_cpp" "IPTM.inference" 
".Call" "Netstats_cpp" "IPTM.inference" 
".Call" "Netstats_cpp" "IPTM.inference" 
".Call" "Netstats_cpp" "IPTM.inference" 
".Call" "History" "IPTM.inference" 
".Call" "Netstats_cpp" "IPTM.inference" 
".Call" "Netstats_cpp" "IPTM.inference" 
".Call" "Netstats_cpp" "IPTM.inference" 
".Call" "Netstats_cpp" "IPTM.inference" 
".Call" "History" "IPTM.inference" 
".Call" "Netstats_cpp" "IPTM.inference" 
".Call" "Netstats_cpp" "IPTM.inference" 
".Call" "History" "IPTM.inference" 
".Call" "Netstats_cpp" "IPTM.inference" 
".Call" "Netstats_cpp" "IPTM.inference" 
".Call" "Netstats_cpp" "IPTM.inference" 
".Call" "Netstats_cpp" "IPTM.inference" 
".Call" "Netstats_cpp" "IPTM.inference" 
".Call" "Netstats_cpp" "IPTM.inference" 
".Call" "Netstats_cpp" "IPTM.inference" 
".Call" "History" "IPTM.inference" 
".Call" "History" "IPTM.inference" 
".Call" "History" "IPTM.inference" 
".Call" "Netstats_cpp" "IPTM.inference" 
".Call" "Netstats_cpp" "IPTM.inference" 
".Call" "History" "IPTM.inference" 
".Call" "Netstats_cpp" "IPTM.inference" 
".Call" "Netstats_cpp" "IPTM.inference" 
".Call" "Netstats_cpp" "IPTM.inference" 
".Call" "Netstats_cpp" "IPTM.inference" 
".Call" "Netstats_cpp" "IPTM.inference" 
".Call" "Netstats_cpp" "IPTM.inference" 
".Call" "History" "IPTM.inference" 
".Call" "Netstats_cpp" "IPTM.inference" 
".Call" "Netstats_cpp" "IPTM.inference" 
".Call" "Netstats_cpp" "IPTM.inference" 
".Call" "Netstats_cpp" "IPTM.inference" 
".Call" "Netstats_cpp" "IPTM.inference" 
".Call" "Netstats_cpp" "IPTM.inference" 
".Call" "Netstats_cpp" "IPTM.inference" 
".Call" "Netstats_cpp" "IPTM.inference" 
"IPTM.inference" 
".Call" "Netstats_cpp" "IPTM.inference" 
".Call" "Netstats_cpp" "IPTM.inference" 
".Call" "Netstats_cpp" "IPTM.inference" 
".Call" "Netstats_cpp" "IPTM.inference" 
".Call" "Netstats_cpp" "IPTM.inference" 
".Call" "History" "IPTM.inference" 
".Call" "Netstats_cpp" "IPTM.inference" 
".Call" "Netstats_cpp" "IPTM.inference" 
".Call" "Netstats_cpp" "IPTM.inference" 
".Call" "Netstats_cpp" "IPTM.inference" 
".Call" "Netstats_cpp" "IPTM.inference" 
"IPTM.inference" 
".Call" "History" "IPTM.inference" 
".Call" "Netstats_cpp" "IPTM.inference" 
".Call" "Netstats_cpp" "IPTM.inference" 
".Call" "Netstats_cpp" "IPTM.inference" 
".Call" "Netstats_cpp" "IPTM.inference" 
".Call" "Netstats_cpp" "IPTM.inference" 
".Call" "Netstats_cpp" "IPTM.inference" 
".Call" "Netstats_cpp" "IPTM.inference" 
".Call" "Netstats_cpp" "IPTM.inference" 
".Call" "Netstats_cpp" "IPTM.inference" 
".Call" "Netstats_cpp" "IPTM.inference" 
".Call" "Netstats_cpp" "IPTM.inference" 
".Call" "Netstats_cpp" "IPTM.inference" 
".Call" "Netstats_cpp" "IPTM.inference" 
".Call" "Netstats_cpp" "IPTM.inference" 
".Call" "Netstats_cpp" "IPTM.inference" 
".Call" "Netstats_cpp" "IPTM.inference" 
".Call" "Netstats_cpp" "IPTM.inference" 
".Call" "Netstats_cpp" "IPTM.inference" 
".Call" "Netstats_cpp" "IPTM.inference" 
".Call" "Netstats_cpp" "IPTM.inference" 
".Call" "Netstats_cpp" "IPTM.inference" 
".Call" "Netstats_cpp" "IPTM.inference" 
".Call" "Netstats_cpp" "IPTM.inference" 
".Call" "Netstats_cpp" "IPTM.inference" 
".Call" "Netstats_cpp" "IPTM.inference" 
".Call" "Netstats_cpp" "IPTM.inference" 
".Call" "Netstats_cpp" "IPTM.inference" 
".Call" "Netstats_cpp" "IPTM.inference" 
".Call" "Netstats_cpp" "IPTM.inference" 
".Call" "Netstats_cpp" "IPTM.inference" 
".Call" "Netstats_cpp" "IPTM.inference" 
".Call" "Netstats_cpp" "IPTM.inference" 
".Call" "Netstats_cpp" "IPTM.inference" 
".Call" "Netstats_cpp" "IPTM.inference" 
".Call" "Netstats_cpp" "IPTM.inference" 
".Call" "History" "IPTM.inference" 
".Call" "Netstats_cpp" "IPTM.inference" 
".Call" "Netstats_cpp" "IPTM.inference" 
".Call" "Netstats_cpp" "IPTM.inference" 
".Call" "Netstats_cpp" "IPTM.inference" 
".Call" "Netstats_cpp" "IPTM.inference" 
".Call" "Netstats_cpp" "IPTM.inference" 
".Call" "Netstats_cpp" "IPTM.inference" 
".Call" "Netstats_cpp" "IPTM.inference" 
"History" "IPTM.inference" 
".Call" "Netstats_cpp" "IPTM.inference" 
".Call" "Netstats_cpp" "IPTM.inference" 
".Call" "Netstats_cpp" "IPTM.inference" 
".Call" "History" "IPTM.inference" 
".Call" "Netstats_cpp" "IPTM.inference" 
".Call" "Netstats_cpp" "IPTM.inference" 
".Call" "History" "IPTM.inference" 
".Call" "Netstats_cpp" "IPTM.inference" 
".Call" "Netstats_cpp" "IPTM.inference" 
".Call" "Netstats_cpp" "IPTM.inference" 
".Call" "Netstats_cpp" "IPTM.inference" 
".Call" "Netstats_cpp" "IPTM.inference" 
".Call" "Netstats_cpp" "IPTM.inference" 
".Call" "Netstats_cpp" "IPTM.inference" 
".Call" "Netstats_cpp" "IPTM.inference" 
".Call" "Netstats_cpp" "IPTM.inference" 
".Call" "Netstats_cpp" "IPTM.inference" 
".Call" "Netstats_cpp" "IPTM.inference" 
".Call" "Netstats_cpp" "IPTM.inference" 
".Call" "Netstats_cpp" "IPTM.inference" 
".Call" "Netstats_cpp" "IPTM.inference" 
".Call" "Netstats_cpp" "IPTM.inference" 
".Call" "Netstats_cpp" "IPTM.inference" 
".Call" "Netstats_cpp" "IPTM.inference" 
".Call" "Netstats_cpp" "IPTM.inference" 
".Call" "Netstats_cpp" "IPTM.inference" 
".Call" "u_Gibbs" "IPTM.inference" 
".Call" "lmultinom" "IPTM.inference" 
"IPTM.inference" 
".Call" "lmultinom" "IPTM.inference" 
"IPTM.inference" 
".Call" "u_Gibbs" "IPTM.inference" 
"IPTM.inference" 
"u_Gibbs" "IPTM.inference" 
".Call" "lmultinom" "IPTM.inference" 
".Call" "lmultinom" "IPTM.inference" 
".Call" "u_Gibbs" "IPTM.inference" 
"u_Gibbs" "IPTM.inference" 
"u_Gibbs" "IPTM.inference" 
"IPTM.inference" 
".Call" "u_Gibbs" "IPTM.inference" 
".Call" "u_Gibbs" "IPTM.inference" 
".Call" "u_Gibbs" "IPTM.inference" 
"u_Gibbs" "IPTM.inference" 
".Call" "lmultinom" "IPTM.inference" 
"u_Gibbs" "IPTM.inference" 
".Call" "lmultinom" "IPTM.inference" 
".Call" "u_Gibbs" "IPTM.inference" 
"u_Gibbs" "IPTM.inference" 
"u_Gibbs" "IPTM.inference" 
".Call" "u_Gibbs" "IPTM.inference" 
".Call" "u_Gibbs" "IPTM.inference" 
".Call" "u_Gibbs" "IPTM.inference" 
"IPTM.inference" 
".Call" "u_Gibbs" "IPTM.inference" 
".Call" "u_Gibbs" "IPTM.inference" 
".Call" "u_Gibbs" "IPTM.inference" 
"IPTM.inference" 
"IPTM.inference" 
".Call" "u_Gibbs" "IPTM.inference" 
"u_Gibbs" "IPTM.inference" 
"lmultinom" "IPTM.inference" 
"u_Gibbs" "IPTM.inference" 
".Call" "lmultinom" "IPTM.inference" 
".Call" "lmultinom" "IPTM.inference" 
"lmultinom" "IPTM.inference" 
"u_Gibbs" "IPTM.inference" 
"u_Gibbs" "IPTM.inference" 
"u_Gibbs" "IPTM.inference" 
"u_Gibbs" "IPTM.inference" 
".Call" "lmultinom" "IPTM.inference" 
"IPTM.inference" 
"IPTM.inference" 
"u_Gibbs" "IPTM.inference" 
"u_Gibbs" "IPTM.inference" 
".Call" "u_Gibbs" "IPTM.inference" 
".Call" "lmultinom" "IPTM.inference" 
"u_Gibbs" "IPTM.inference" 
"IPTM.inference" 
"u_Gibbs" "IPTM.inference" 
"u_Gibbs" "IPTM.inference" 
".Call" "u_Gibbs" "IPTM.inference" 
".Call" "u_Gibbs" "IPTM.inference" 
".Call" "u_Gibbs" "IPTM.inference" 
".Call" "u_Gibbs" "IPTM.inference" 
"IPTM.inference" 
".Call" "lmultinom" "IPTM.inference" 
".Call" "u_Gibbs" "IPTM.inference" 
".Call" "lmultinom" "IPTM.inference" 
"u_Gibbs" "IPTM.inference" 
".Call" "u_Gibbs" "IPTM.inference" 
"sample.int" "sample" "IPTM.inference" 
".Call" "lmultinom" "IPTM.inference" 
"IPTM.inference" 
"u_Gibbs" "IPTM.inference" 
"u_Gibbs" "IPTM.inference" 
".Call" "MultiplyXB" "IPTM.inference" 
"sample" "IPTM.inference" 
".Call" "lmultinom" "IPTM.inference" 
"sample.int" "sample" "IPTM.inference" 
".Call" "lmultinom" "IPTM.inference" 
".Call" "lmultinom" "IPTM.inference" 
"u_Gibbs" "IPTM.inference" 
"sample" "IPTM.inference" 
"u_Gibbs" "IPTM.inference" 
".Call" "u_Gibbs" "IPTM.inference" 
"sample" "IPTM.inference" 
"u_Gibbs" "IPTM.inference" 
"u_Gibbs" "IPTM.inference" 
".Call" "u_Gibbs" "IPTM.inference" 
".Call" "u_Gibbs" "IPTM.inference" 
".Call" "u_Gibbs" "IPTM.inference" 
"u_Gibbs" "IPTM.inference" 
"lmultinom" "IPTM.inference" 
".Call" "u_Gibbs" "IPTM.inference" 
"IPTM.inference" 
".Call" "u_Gibbs" "IPTM.inference" 
"u_Gibbs" "IPTM.inference" 
".Call" "lmultinom" "IPTM.inference" 
".Call" "u_Gibbs" "IPTM.inference" 
"u_Gibbs" "IPTM.inference" 
".Call" "lmultinom" "IPTM.inference" 
"u_Gibbs" "IPTM.inference" 
".Call" "u_Gibbs" "IPTM.inference" 
"IPTM.inference" 
"IPTM.inference" 
".Call" "lmultinom" "IPTM.inference" 
".Call" "lmultinom" "IPTM.inference" 
"u_Gibbs" "IPTM.inference" 
".Call" "u_Gibbs" "IPTM.inference" 
"IPTM.inference" 
".Call" "lmultinom" "IPTM.inference" 
"u_Gibbs" "IPTM.inference" 
"u_Gibbs" "IPTM.inference" 
"u_Gibbs" "IPTM.inference" 
"u_Gibbs" "IPTM.inference" 
"u_Gibbs" "IPTM.inference" 
".Call" "u_Gibbs" "IPTM.inference" 
".Call" "u_Gibbs" "IPTM.inference" 
".Call" "u_Gibbs" "IPTM.inference" 
".Call" "u_Gibbs" "IPTM.inference" 
".Call" "u_Gibbs" "IPTM.inference" 
".Call" "u_Gibbs" "IPTM.inference" 
".Call" "u_Gibbs" "IPTM.inference" 
".Call" "u_Gibbs" "IPTM.inference" 
"u_Gibbs" "IPTM.inference" 
"IPTM.inference" 
".Call" "lmultinom" "IPTM.inference" 
"u_Gibbs" "IPTM.inference" 
".Call" "lmultinom" "IPTM.inference" 
"u_Gibbs" "IPTM.inference" 
"u_Gibbs" "IPTM.inference" 
".Call" "u_Gibbs" "IPTM.inference" 
"IPTM.inference" 
"IPTM.inference" 
"u_Gibbs" "IPTM.inference" 
".Call" "u_Gibbs" "IPTM.inference" 
".Call" "u_Gibbs" "IPTM.inference" 
"u_Gibbs" "IPTM.inference" 
"u_Gibbs" "IPTM.inference" 
"u_Gibbs" "IPTM.inference" 
".Call" "MultiplyXB" "IPTM.inference" 
".Call" "lmultinom" "IPTM.inference" 
".Call" "lmultinom" "IPTM.inference" 
".Call" "u_Gibbs" "IPTM.inference" 
".Call" "lmultinom" "IPTM.inference" 
".Call" "lmultinom" "IPTM.inference" 
".Call" "u_Gibbs" "IPTM.inference" 
".Call" "u_Gibbs" "IPTM.inference" 
".Call" "u_Gibbs" "IPTM.inference" 
".Call" "u_Gibbs" "IPTM.inference" 
".Call" "u_Gibbs" "IPTM.inference" 
"IPTM.inference" 
".Call" "lmultinom" "IPTM.inference" 
"u_Gibbs" "IPTM.inference" 
"u_Gibbs" "IPTM.inference" 
".Call" "u_Gibbs" "IPTM.inference" 
".Call" "u_Gibbs" "IPTM.inference" 
".Call" "MultiplyXB" "IPTM.inference" 
"IPTM.inference" 
"u_Gibbs" "IPTM.inference" 
".Call" "u_Gibbs" "IPTM.inference" 
".Call" "lmultinom" "IPTM.inference" 
".Call" "u_Gibbs" "IPTM.inference" 
".Call" "u_Gibbs" "IPTM.inference" 
"IPTM.inference" 
".Call" "u_Gibbs" "IPTM.inference" 
".Call" "u_Gibbs" "IPTM.inference" 
".Call" "u_Gibbs" "IPTM.inference" 
".Call" "u_Gibbs" "IPTM.inference" 
".Call" "u_Gibbs" "IPTM.inference" 
".Call" "u_Gibbs" "IPTM.inference" 
"IPTM.inference" 
"IPTM.inference" 
"IPTM.inference" 
".Call" "lmultinom" "IPTM.inference" 
"u_Gibbs" "IPTM.inference" 
"u_Gibbs" "IPTM.inference" 
".Call" "u_Gibbs" "IPTM.inference" 
"u_Gibbs" "IPTM.inference" 
".Call" "u_Gibbs" "IPTM.inference" 
"IPTM.inference" 
".Call" "u_Gibbs" "IPTM.inference" 
".Call" "lmultinom" "IPTM.inference" 
"u_Gibbs" "IPTM.inference" 
"u_Gibbs" "IPTM.inference" 
"lmultinom" "IPTM.inference" 
"IPTM.inference" 
"IPTM.inference" 
"IPTM.inference" 
"lmultinom" "IPTM.inference" 
"u_Gibbs" "IPTM.inference" 
".Call" "lmultinom" "IPTM.inference" 
"u_Gibbs" "IPTM.inference" 
".Call" "u_Gibbs" "IPTM.inference" 
"IPTM.inference" 
"lmultinom" "IPTM.inference" 
"IPTM.inference" 
"u_Gibbs" "IPTM.inference" 
"u_Gibbs" "IPTM.inference" 
".Call" "u_Gibbs" "IPTM.inference" 
"u_Gibbs" "IPTM.inference" 
"IPTM.inference" 
".Call" "u_Gibbs" "IPTM.inference" 
".Call" "lmultinom" "IPTM.inference" 
"u_Gibbs" "IPTM.inference" 
".Call" "lmultinom" "IPTM.inference" 
".Call" "lmultinom" "IPTM.inference" 
".Call" "lmultinom" "IPTM.inference" 
".Call" "u_Gibbs" "IPTM.inference" 
"IPTM.inference" 
"u_Gibbs" "IPTM.inference" 
"u_Gibbs" "IPTM.inference" 
".Call" "u_Gibbs" "IPTM.inference" 
"lmultinom" "IPTM.inference" 
"IPTM.inference" 
".Call" "lmultinom" "IPTM.inference" 
"IPTM.inference" 
".Call" "u_Gibbs" "IPTM.inference" 
"u_Gibbs" "IPTM.inference" 
"u_Gibbs" "IPTM.inference" 
".Call" "lmultinom" "IPTM.inference" 
"IPTM.inference" 
"u_Gibbs" "IPTM.inference" 
"lmultinom" "IPTM.inference" 
".Call" "u_Gibbs" "IPTM.inference" 
".Call" "lmultinom" "IPTM.inference" 
".Call" "u_Gibbs" "IPTM.inference" 
"u_Gibbs" "IPTM.inference" 
".Call" "u_Gibbs" "IPTM.inference" 
"u_Gibbs" "IPTM.inference" 
"u_Gibbs" "IPTM.inference" 
"IPTM.inference" 
"IPTM.inference" 
"IPTM.inference" 
".Call" "u_Gibbs" "IPTM.inference" 
".Call" "u_Gibbs" "IPTM.inference" 
"u_Gibbs" "IPTM.inference" 
".Call" "lmultinom" "IPTM.inference" 
"IPTM.inference" 
".Call" "u_Gibbs" "IPTM.inference" 
"IPTM.inference" 
".Call" "u_Gibbs" "IPTM.inference" 
".Call" "lmultinom" "IPTM.inference" 
".Call" "lmultinom" "IPTM.inference" 
".Call" "lmultinom" "IPTM.inference" 
"IPTM.inference" 
"IPTM.inference" 
"u_Gibbs" "IPTM.inference" 
"lmultinom" "IPTM.inference" 
".Call" "lmultinom" "IPTM.inference" 
"u_Gibbs" "IPTM.inference" 
".Call" "u_Gibbs" "IPTM.inference" 
".Call" "u_Gibbs" "IPTM.inference" 
"u_Gibbs" "IPTM.inference" 
"u_Gibbs" "IPTM.inference" 
".Call" "lmultinom" "IPTM.inference" 
"IPTM.inference" 
".Call" "MultiplyXB" "IPTM.inference" 
"u_Gibbs" "IPTM.inference" 
"u_Gibbs" "IPTM.inference" 
"u_Gibbs" "IPTM.inference" 
"u_Gibbs" "IPTM.inference" 
".Call" "u_Gibbs" "IPTM.inference" 
".Call" "u_Gibbs" "IPTM.inference" 
"u_Gibbs" "IPTM.inference" 
"IPTM.inference" 
"u_Gibbs" "IPTM.inference" 
".Call" "lmultinom" "IPTM.inference" 
".Call" "lmultinom" "IPTM.inference" 
"u_Gibbs" "IPTM.inference" 
"lmultinom" "IPTM.inference" 
"IPTM.inference" 
".Call" "u_Gibbs" "IPTM.inference" 
".Call" "lmultinom" "IPTM.inference" 
"IPTM.inference" 
".Call" "lmultinom" "IPTM.inference" 
".Call" "u_Gibbs" "IPTM.inference" 
"u_Gibbs" "IPTM.inference" 
"sample" "IPTM.inference" 
"sample.int" "sample" "IPTM.inference" 
"IPTM.inference" 
"u_Gibbs" "IPTM.inference" 
"IPTM.inference" 
"IPTM.inference" 
".Call" "u_Gibbs" "IPTM.inference" 
".Call" "lmultinom" "IPTM.inference" 
"u_Gibbs" "IPTM.inference" 
".Call" "lmultinom" "IPTM.inference" 
".Call" "u_Gibbs" "IPTM.inference" 
"IPTM.inference" 
".Call" "lmultinom" "IPTM.inference" 
"u_Gibbs" "IPTM.inference" 
"IPTM.inference" 
".Call" "u_Gibbs" "IPTM.inference" 
"IPTM.inference" 
"u_Gibbs" "IPTM.inference" 
"u_Gibbs" "IPTM.inference" 
"lmultinom" "IPTM.inference" 
".Call" "u_Gibbs" "IPTM.inference" 
"u_Gibbs" "IPTM.inference" 
"IPTM.inference" 
"u_Gibbs" "IPTM.inference" 
"u_Gibbs" "IPTM.inference" 
"u_Gibbs" "IPTM.inference" 
"u_Gibbs" "IPTM.inference" 
"IPTM.inference" 
".Call" "lmultinom" "IPTM.inference" 
".Call" "lmultinom" "IPTM.inference" 
"u_Gibbs" "IPTM.inference" 
".Call" "u_Gibbs" "IPTM.inference" 
"IPTM.inference" 
"u_Gibbs" "IPTM.inference" 
".Call" "lmultinom" "IPTM.inference" 
".Call" "u_Gibbs" "IPTM.inference" 
"u_Gibbs" "IPTM.inference" 
"u_Gibbs" "IPTM.inference" 
"u_Gibbs" "IPTM.inference" 
"IPTM.inference" 
".Call" "u_Gibbs" "IPTM.inference" 
"IPTM.inference" 
".Call" "MultiplyXB" "IPTM.inference" 
".Call" "lmultinom" "IPTM.inference" 
"u_Gibbs" "IPTM.inference" 
"IPTM.inference" 
".Call" "lmultinom" "IPTM.inference" 
".Call" "lmultinom" "IPTM.inference" 
"IPTM.inference" 
".Call" "u_Gibbs" "IPTM.inference" 
".Call" "u_Gibbs" "IPTM.inference" 
".Call" "u_Gibbs" "IPTM.inference" 
"u_Gibbs" "IPTM.inference" 
".Call" "lmultinom" "IPTM.inference" 
"IPTM.inference" 
".Call" "u_Gibbs" "IPTM.inference" 
".Call" "u_Gibbs" "IPTM.inference" 
"IPTM.inference" 
"IPTM.inference" 
"u_Gibbs" "IPTM.inference" 
"IPTM.inference" 
".Call" "lmultinom" "IPTM.inference" 
"u_Gibbs" "IPTM.inference" 
"u_Gibbs" "IPTM.inference" 
".Call" "u_Gibbs" "IPTM.inference" 
"u_Gibbs" "IPTM.inference" 
"u_Gibbs" "IPTM.inference" 
"lmultinom" "IPTM.inference" 
"IPTM.inference" 
"IPTM.inference" 
".Call" "u_Gibbs" "IPTM.inference" 
"u_Gibbs" "IPTM.inference" 
"IPTM.inference" 
"u_Gibbs" "IPTM.inference" 
"IPTM.inference" 
".Call" "lmultinom" "IPTM.inference" 
".Call" "lmultinom" "IPTM.inference" 
".Call" "lmultinom" "IPTM.inference" 
"u_Gibbs" "IPTM.inference" 
"IPTM.inference" 
"u_Gibbs" "IPTM.inference" 
"IPTM.inference" 
"IPTM.inference" 
"u_Gibbs" "IPTM.inference" 
"sample" "IPTM.inference" 
"u_Gibbs" "IPTM.inference" 
"u_Gibbs" "IPTM.inference" 
"IPTM.inference" 
"u_Gibbs" "IPTM.inference" 
"IPTM.inference" 
"lmultinom" "IPTM.inference" 
"IPTM.inference" 
"u_Gibbs" "IPTM.inference" 
"IPTM.inference" 
".Call" "u_Gibbs" "IPTM.inference" 
"u_Gibbs" "IPTM.inference" 
"IPTM.inference" 
".Call" "u_Gibbs" "IPTM.inference" 
"u_Gibbs" "IPTM.inference" 
".Call" "u_Gibbs" "IPTM.inference" 
"IPTM.inference" 
"IPTM.inference" 
".Call" "u_Gibbs" "IPTM.inference" 
".Call" "lmultinom" "IPTM.inference" 
"u_Gibbs" "IPTM.inference" 
".Call" "u_Gibbs" "IPTM.inference" 
".Call" "lmultinom" "IPTM.inference" 
"u_Gibbs" "IPTM.inference" 
".Call" "lmultinom" "IPTM.inference" 
"IPTM.inference" 
"u_Gibbs" "IPTM.inference" 
"IPTM.inference" 
"u_Gibbs" "IPTM.inference" 
".Call" "lmultinom" "IPTM.inference" 
"lmultinom" "IPTM.inference" 
"u_Gibbs" "IPTM.inference" 
"u_Gibbs" "IPTM.inference" 
"IPTM.inference" 
"sample" "IPTM.inference" 
".Call" "u_Gibbs" "IPTM.inference" 
"IPTM.inference" 
"IPTM.inference" 
".Call" "u_Gibbs" "IPTM.inference" 
"u_Gibbs" "IPTM.inference" 
"u_Gibbs" "IPTM.inference" 
"u_Gibbs" "IPTM.inference" 
"sample" "IPTM.inference" 
".Call" "u_Gibbs" "IPTM.inference" 
".Call" "lmultinom" "IPTM.inference" 
"IPTM.inference" 
"lmultinom" "IPTM.inference" 
"u_Gibbs" "IPTM.inference" 
"IPTM.inference" 
".Call" "u_Gibbs" "IPTM.inference" 
".Call" "u_Gibbs" "IPTM.inference" 
"u_Gibbs" "IPTM.inference" 
"IPTM.inference" 
"u_Gibbs" "IPTM.inference" 
".Call" "lmultinom" "IPTM.inference" 
".Call" "u_Gibbs" "IPTM.inference" 
"lmultinom" "IPTM.inference" 
".Call" "MultiplyXB" "IPTM.inference" 
"u_Gibbs" "IPTM.inference" 
"IPTM.inference" 
"lmultinom" "IPTM.inference" 
"IPTM.inference" 
"IPTM.inference" 
".Call" "lmultinom" "IPTM.inference" 
".Call" "u_Gibbs" "IPTM.inference" 
"u_Gibbs" "IPTM.inference" 
"u_Gibbs" "IPTM.inference" 
"IPTM.inference" 
"u_Gibbs" "IPTM.inference" 
".Call" "u_Gibbs" "IPTM.inference" 
".Call" "u_Gibbs" "IPTM.inference" 
"IPTM.inference" 
"IPTM.inference" 
".Call" "lmultinom" "IPTM.inference" 
"u_Gibbs" "IPTM.inference" 
".Call" "lmultinom" "IPTM.inference" 
"u_Gibbs" "IPTM.inference" 
"IPTM.inference" 
"IPTM.inference" 
"lmultinom" "IPTM.inference" 
".Call" "u_Gibbs" "IPTM.inference" 
".Call" "u_Gibbs" "IPTM.inference" 
"IPTM.inference" 
"u_Gibbs" "IPTM.inference" 
"u_Gibbs" "IPTM.inference" 
"IPTM.inference" 
"u_Gibbs" "IPTM.inference" 
"u_Gibbs" "IPTM.inference" 
"u_Gibbs" "IPTM.inference" 
"IPTM.inference" 
".Call" "u_Gibbs" "IPTM.inference" 
"IPTM.inference" 
".Call" "lmultinom" "IPTM.inference" 
".Call" "lmultinom" "IPTM.inference" 
"u_Gibbs" "IPTM.inference" 
".Call" "u_Gibbs" "IPTM.inference" 
".Call" "lmultinom" "IPTM.inference" 
".Call" "lmultinom" "IPTM.inference" 
"IPTM.inference" 
"u_Gibbs" "IPTM.inference" 
".Call" "lmultinom" "IPTM.inference" 
"u_Gibbs" "IPTM.inference" 
"IPTM.inference" 
"u_Gibbs" "IPTM.inference" 
".Call" "lmultinom" "IPTM.inference" 
"u_Gibbs" "IPTM.inference" 
".Call" "u_Gibbs" "IPTM.inference" 
"IPTM.inference" 
"u_Gibbs" "IPTM.inference" 
"lmultinom" "IPTM.inference" 
"IPTM.inference" 
"u_Gibbs" "IPTM.inference" 
"u_Gibbs" "IPTM.inference" 
"IPTM.inference" 
"u_Gibbs" "IPTM.inference" 
"u_Gibbs" "IPTM.inference" 
".Call" "u_Gibbs" "IPTM.inference" 
".Call" "u_Gibbs" "IPTM.inference" 
"u_Gibbs" "IPTM.inference" 
"u_Gibbs" "IPTM.inference" 
".Call" "lmultinom" "IPTM.inference" 
"u_Gibbs" "IPTM.inference" 
"u_Gibbs" "IPTM.inference" 
".Call" "u_Gibbs" "IPTM.inference" 
"IPTM.inference" 
"IPTM.inference" 
".Call" "u_Gibbs" "IPTM.inference" 
".Call" "lmultinom" "IPTM.inference" 
"IPTM.inference" 
"IPTM.inference" 
"u_Gibbs" "IPTM.inference" 
"u_Gibbs" "IPTM.inference" 
"IPTM.inference" 
"u_Gibbs" "IPTM.inference" 
".Call" "u_Gibbs" "IPTM.inference" 
"u_Gibbs" "IPTM.inference" 
".Call" "lmultinom" "IPTM.inference" 
"lmultinom" "IPTM.inference" 
"u_Gibbs" "IPTM.inference" 
"IPTM.inference" 
"IPTM.inference" 
".Call" "MultiplyXB" "IPTM.inference" 
"u_Gibbs" "IPTM.inference" 
".Call" "lmultinom" "IPTM.inference" 
"IPTM.inference" 
"IPTM.inference" 
".Call" "u_Gibbs" "IPTM.inference" 
".Call" "u_Gibbs" "IPTM.inference" 
"u_Gibbs" "IPTM.inference" 
".Call" "lmultinom" "IPTM.inference" 
"IPTM.inference" 
"u_Gibbs" "IPTM.inference" 
"u_Gibbs" "IPTM.inference" 
".Call" "lmultinom" "IPTM.inference" 
"u_Gibbs" "IPTM.inference" 
"IPTM.inference" 
".Call" "u_Gibbs" "IPTM.inference" 
".Call" "lmultinom" "IPTM.inference" 
"u_Gibbs" "IPTM.inference" 
".Call" "u_Gibbs" "IPTM.inference" 
"IPTM.inference" 
".Call" "u_Gibbs" "IPTM.inference" 
".Call" "lmultinom" "IPTM.inference" 
"u_Gibbs" "IPTM.inference" 
".Call" "lmultinom" "IPTM.inference" 
".Call" "lmultinom" "IPTM.inference" 
"lmultinom" "IPTM.inference" 
".Call" "u_Gibbs" "IPTM.inference" 
"IPTM.inference" 
".Call" "lmultinom" "IPTM.inference" 
"u_Gibbs" "IPTM.inference" 
"u_Gibbs" "IPTM.inference" 
"IPTM.inference" 
"IPTM.inference" 
"lmultinom" "IPTM.inference" 
"u_Gibbs" "IPTM.inference" 
".Call" "lmultinom" "IPTM.inference" 
"IPTM.inference" 
".Call" "lmultinom" "IPTM.inference" 
".Call" "u_Gibbs" "IPTM.inference" 
".Call" "lmultinom" "IPTM.inference" 
".Call" "lmultinom" "IPTM.inference" 
".Call" "u_Gibbs" "IPTM.inference" 
".Call" "lmultinom" "IPTM.inference" 
"u_Gibbs" "IPTM.inference" 
"u_Gibbs" "IPTM.inference" 
"u_Gibbs" "IPTM.inference" 
"IPTM.inference" 
".Call" "u_Gibbs" "IPTM.inference" 
".Call" "lmultinom" "IPTM.inference" 
"IPTM.inference" 
".Call" "lmultinom" "IPTM.inference" 
"lmultinom" "IPTM.inference" 
"lmultinom" "IPTM.inference" 
"IPTM.inference" 
"u_Gibbs" "IPTM.inference" 
"u_Gibbs" "IPTM.inference" 
".Call" "lmultinom" "IPTM.inference" 
".Call" "lmultinom" "IPTM.inference" 
".Call" "TopicWord" "IPTM.inference" 
"IPTM.inference" 
"IPTM.inference" 
".Call" "TopicWord" "IPTM.inference" 
".Call" "TopicWord" "IPTM.inference" 
"IPTM.inference" 
".Call" "TopicWord" "IPTM.inference" 
"IPTM.inference" 
".Call" "TopicWord" "IPTM.inference" 
"TopicWord" "IPTM.inference" 
"IPTM.inference" 
".Call" "TopicWord" "IPTM.inference" 
"IPTM.inference" 
"IPTM.inference" 
"IPTM.inference" 
"IPTM.inference" 
"IPTM.inference" 
".Call" "TopicWord" "IPTM.inference" 
"IPTM.inference" 
"TopicWord" "IPTM.inference" 
"IPTM.inference" 
".Call" "TopicWord" "IPTM.inference" 
"IPTM.inference" 
"IPTM.inference" 
"IPTM.inference" 
"IPTM.inference" 
"IPTM.inference" 
".Call" "TopicWord" "IPTM.inference" 
"IPTM.inference" 
"IPTM.inference" 
".Call" "TopicWord" "IPTM.inference" 
".Call" "lmultinom" "IPTM.inference" 
".Call" "TopicWord" "IPTM.inference" 
".Call" "TopicWord" "IPTM.inference" 
".Call" "TopicWord" "IPTM.inference" 
"TopicWord" "IPTM.inference" 
"IPTM.inference" 
".Call" "TopicWord" "IPTM.inference" 
"IPTM.inference" 
".Call" "TopicWord" "IPTM.inference" 
"TopicWord" "IPTM.inference" 
"IPTM.inference" 
"IPTM.inference" 
".Call" "TopicWord" "IPTM.inference" 
"IPTM.inference" 
".Call" "TopicWord" "IPTM.inference" 
"IPTM.inference" 
"IPTM.inference" 
"lmultinom" "IPTM.inference" 
"IPTM.inference" 
".Call" "TopicWord" "IPTM.inference" 
".Call" "TopicWord" "IPTM.inference" 
"IPTM.inference" 
"TopicWord" "IPTM.inference" 
"IPTM.inference" 
"IPTM.inference" 
"IPTM.inference" 
".Call" "TopicWord" "IPTM.inference" 
".Call" "TopicWord" "IPTM.inference" 
"IPTM.inference" 
".Call" "TopicWord" "IPTM.inference" 
"IPTM.inference" 
".Call" "TopicWord" "IPTM.inference" 
"IPTM.inference" 
"IPTM.inference" 
".Call" "TopicWord" "IPTM.inference" 
".Call" "TopicWord" "IPTM.inference" 
"IPTM.inference" 
".Call" "TopicWord" "IPTM.inference" 
".Call" "TopicWord" "IPTM.inference" 
".Call" "TopicWord" "IPTM.inference" 
"IPTM.inference" 
"IPTM.inference" 
".Call" "TopicWord" "IPTM.inference" 
".Call" "TopicWord" "IPTM.inference" 
".Call" "TopicWord" "IPTM.inference" 
"IPTM.inference" 
".Call" "TopicWord" "IPTM.inference" 
"IPTM.inference" 
"length" "IPTM.inference" 
"IPTM.inference" 
".Call" "TopicWord" "IPTM.inference" 
"IPTM.inference" 
"IPTM.inference" 
"IPTM.inference" 
".Call" "TopicWord" "IPTM.inference" 
".Call" "TopicWord" "IPTM.inference" 
".Call" "TopicWord" "IPTM.inference" 
"IPTM.inference" 
".Call" "TopicWord" "IPTM.inference" 
"IPTM.inference" 
"IPTM.inference" 
"IPTM.inference" 
".Call" "TopicWord" "IPTM.inference" 
"TopicWord" "IPTM.inference" 
".Call" "TopicWord" "IPTM.inference" 
"IPTM.inference" 
"IPTM.inference" 
".Call" "TopicWord" "IPTM.inference" 
"IPTM.inference" 
"IPTM.inference" 
"IPTM.inference" 
".Call" "TopicWord" "IPTM.inference" 
"IPTM.inference" 
".Call" "TopicWord" "IPTM.inference" 
"TopicWord" "IPTM.inference" 
"IPTM.inference" 
".Call" "TopicWord" "IPTM.inference" 
"IPTM.inference" 
"IPTM.inference" 
"IPTM.inference" 
"IPTM.inference" 
"IPTM.inference" 
"IPTM.inference" 
"IPTM.inference" 
".Call" "TopicWord" "IPTM.inference" 
".Call" "TopicWord" "IPTM.inference" 
"IPTM.inference" 
"IPTM.inference" 
".Call" "TopicWord" "IPTM.inference" 
".Call" "TopicWord" "IPTM.inference" 
"IPTM.inference" 
".Call" "TopicWord" "IPTM.inference" 
".Call" "TopicWord" "IPTM.inference" 
".Call" "TopicWord" "IPTM.inference" 
".Call" "lmultinom" "IPTM.inference" 
".Call" "TopicWord" "IPTM.inference" 
".Call" "TopicWord" "IPTM.inference" 
".Call" "TopicWord" "IPTM.inference" 
"IPTM.inference" 
".Call" "TopicWord" "IPTM.inference" 
"IPTM.inference" 
".Call" "TopicWord" "IPTM.inference" 
".Call" "TopicWord" "IPTM.inference" 
"IPTM.inference" 
"IPTM.inference" 
"TopicWord" "IPTM.inference" 
".Call" "TopicWord" "IPTM.inference" 
".Call" "TopicWord" "IPTM.inference" 
".Call" "TopicWord" "IPTM.inference" 
".Call" "TopicWord" "IPTM.inference" 
".Call" "TopicWord" "IPTM.inference" 
"IPTM.inference" 
".Call" "TopicWord" "IPTM.inference" 
".Call" "TopicWord" "IPTM.inference" 
"IPTM.inference" 
".Call" "TopicWord" "IPTM.inference" 
"IPTM.inference" 
".Call" "TopicWord" "IPTM.inference" 
"IPTM.inference" 
".Call" "TopicWord" "IPTM.inference" 
"IPTM.inference" 
"IPTM.inference" 
"TopicWord" "IPTM.inference" 
"IPTM.inference" 
"IPTM.inference" 
"IPTM.inference" 
".Call" "TopicWord" "IPTM.inference" 
".Call" "TopicWord" "IPTM.inference" 
"IPTM.inference" 
"IPTM.inference" 
"IPTM.inference" 
".Call" "TopicWord" "IPTM.inference" 
"IPTM.inference" 
"IPTM.inference" 
"IPTM.inference" 
".Call" "TopicWord" "IPTM.inference" 
"IPTM.inference" 
".Call" "TopicWord" "IPTM.inference" 
"IPTM.inference" 
"IPTM.inference" 
"IPTM.inference" 
"IPTM.inference" 
"IPTM.inference" 
".Call" "TopicWord" "IPTM.inference" 
"IPTM.inference" 
".Call" "TopicWord" "IPTM.inference" 
".Call" "TopicWord" "IPTM.inference" 
".Call" "TopicWord" "IPTM.inference" 
".Call" "TopicWord" "IPTM.inference" 
".Call" "TopicWord" "IPTM.inference" 
"IPTM.inference" 
"TopicWord" "IPTM.inference" 
".Call" "TopicWord" "IPTM.inference" 
".Call" "TopicWord" "IPTM.inference" 
".Call" "TopicWord" "IPTM.inference" 
".Call" "TopicWord" "IPTM.inference" 
".Call" "Netstats_cpp" "IPTM.inference" 
".Call" "Netstats_cpp" "IPTM.inference" 
".Call" "Netstats_cpp" "IPTM.inference" 
".Call" "Netstats_cpp" "IPTM.inference" 
".Call" "Netstats_cpp" "IPTM.inference" 
"History" "IPTM.inference" 
".Call" "Netstats_cpp" "IPTM.inference" 
".Call" "Netstats_cpp" "IPTM.inference" 
".Call" "Netstats_cpp" "IPTM.inference" 
".Call" "Netstats_cpp" "IPTM.inference" 
".Call" "Netstats_cpp" "IPTM.inference" 
".Call" "Netstats_cpp" "IPTM.inference" 
".Call" "Netstats_cpp" "IPTM.inference" 
".Call" "Netstats_cpp" "IPTM.inference" 
"IPTM.inference" 
".Call" "Netstats_cpp" "IPTM.inference" 
".Call" "Netstats_cpp" "IPTM.inference" 
".Call" "Netstats_cpp" "IPTM.inference" 
".Call" "Netstats_cpp" "IPTM.inference" 
".Call" "Netstats_cpp" "IPTM.inference" 
".Call" "History" "IPTM.inference" 
".Call" "Netstats_cpp" "IPTM.inference" 
".Call" "Netstats_cpp" "IPTM.inference" 
".Call" "Netstats_cpp" "IPTM.inference" 
".Call" "Netstats_cpp" "IPTM.inference" 
".Call" "Netstats_cpp" "IPTM.inference" 
".Call" "Netstats_cpp" "IPTM.inference" 
".Call" "Netstats_cpp" "IPTM.inference" 
".Call" "Netstats_cpp" "IPTM.inference" 
".Call" "Netstats_cpp" "IPTM.inference" 
".Call" "Netstats_cpp" "IPTM.inference" 
".Call" "Netstats_cpp" "IPTM.inference" 
".Call" "Netstats_cpp" "IPTM.inference" 
".Call" "Netstats_cpp" "IPTM.inference" 
".Call" "Netstats_cpp" "IPTM.inference" 
".Call" "Netstats_cpp" "IPTM.inference" 
".Call" "History" "IPTM.inference" 
".Call" "History" "IPTM.inference" 
".Call" "Netstats_cpp" "IPTM.inference" 
".Call" "Netstats_cpp" "IPTM.inference" 
".Call" "Netstats_cpp" "IPTM.inference" 
".Call" "Netstats_cpp" "IPTM.inference" 
".Call" "Netstats_cpp" "IPTM.inference" 
".Call" "Netstats_cpp" "IPTM.inference" 
".Call" "Netstats_cpp" "IPTM.inference" 
".Call" "Netstats_cpp" "IPTM.inference" 
".Call" "Netstats_cpp" "IPTM.inference" 
".Call" "Netstats_cpp" "IPTM.inference" 
".Call" "Netstats_cpp" "IPTM.inference" 
".Call" "Netstats_cpp" "IPTM.inference" 
"Edgepartsum" "IPTM.inference" 
".Call" "Netstats_cpp" "IPTM.inference" 
".Call" "Netstats_cpp" "IPTM.inference" 
".Call" "Netstats_cpp" "IPTM.inference" 
".Call" "Netstats_cpp" "IPTM.inference" 
".Call" "Netstats_cpp" "IPTM.inference" 
".Call" "Netstats_cpp" "IPTM.inference" 
".Call" "Netstats_cpp" "IPTM.inference" 
".Call" "Netstats_cpp" "IPTM.inference" 
".Call" "Netstats_cpp" "IPTM.inference" 
".Call" "Netstats_cpp" "IPTM.inference" 
".Call" "Netstats_cpp" "IPTM.inference" 
".Call" "Netstats_cpp" "IPTM.inference" 
".Call" "Netstats_cpp" "IPTM.inference" 
".Call" "Netstats_cpp" "IPTM.inference" 
".Call" "Netstats_cpp" "IPTM.inference" 
".Call" "Netstats_cpp" "IPTM.inference" 
".Call" "Netstats_cpp" "IPTM.inference" 
".Call" "Netstats_cpp" "IPTM.inference" 
".Call" "Netstats_cpp" "IPTM.inference" 
".Call" "Netstats_cpp" "IPTM.inference" 
".Call" "Netstats_cpp" "IPTM.inference" 
".Call" "Netstats_cpp" "IPTM.inference" 
".Call" "Netstats_cpp" "IPTM.inference" 
".Call" "Netstats_cpp" "IPTM.inference" 
".Call" "Netstats_cpp" "IPTM.inference" 
".Call" "Netstats_cpp" "IPTM.inference" 
".Call" "Netstats_cpp" "IPTM.inference" 
".Call" "Netstats_cpp" "IPTM.inference" 
".Call" "Netstats_cpp" "IPTM.inference" 
".Call" "History" "IPTM.inference" 
".Call" "Netstats_cpp" "IPTM.inference" 
"History" "IPTM.inference" 
".Call" "Netstats_cpp" "IPTM.inference" 
".Call" "Netstats_cpp" "IPTM.inference" 
".Call" "Netstats_cpp" "IPTM.inference" 
".Call" "Netstats_cpp" "IPTM.inference" 
".Call" "Netstats_cpp" "IPTM.inference" 
".Call" "Netstats_cpp" "IPTM.inference" 
".Call" "Netstats_cpp" "IPTM.inference" 
".Call" "Netstats_cpp" "IPTM.inference" 
".Call" "Netstats_cpp" "IPTM.inference" 
".Call" "Netstats_cpp" "IPTM.inference" 
".Call" "Netstats_cpp" "IPTM.inference" 
".Call" "Netstats_cpp" "IPTM.inference" 
".Call" "Netstats_cpp" "IPTM.inference" 
".Call" "Netstats_cpp" "IPTM.inference" 
".Call" "Netstats_cpp" "IPTM.inference" 
".Call" "Netstats_cpp" "IPTM.inference" 
".Call" "Netstats_cpp" "IPTM.inference" 
".Call" "Netstats_cpp" "IPTM.inference" 
".Call" "Netstats_cpp" "IPTM.inference" 
".Call" "Netstats_cpp" "IPTM.inference" 
".Call" "Netstats_cpp" "IPTM.inference" 
".Call" "Netstats_cpp" "IPTM.inference" 
".Call" "Netstats_cpp" "IPTM.inference" 
".Call" "Netstats_cpp" "IPTM.inference" 
".Call" "Netstats_cpp" "IPTM.inference" 
".Call" "Netstats_cpp" "IPTM.inference" 
".Call" "Netstats_cpp" "IPTM.inference" 
".Call" "Netstats_cpp" "IPTM.inference" 
".Call" "Netstats_cpp" "IPTM.inference" 
".Call" "Netstats_cpp" "IPTM.inference" 
".Call" "Netstats_cpp" "IPTM.inference" 
".Call" "Netstats_cpp" "IPTM.inference" 
".Call" "Netstats_cpp" "IPTM.inference" 
".Call" "Netstats_cpp" "IPTM.inference" 
"mu_vec" "IPTM.inference" 
".Call" "Netstats_cpp" "IPTM.inference" 
".Call" "Netstats_cpp" "IPTM.inference" 
".Call" "Netstats_cpp" "IPTM.inference" 
"IPTM.inference" 
".Call" "Netstats_cpp" "IPTM.inference" 
".Call" "Netstats_cpp" "IPTM.inference" 
".Call" "Netstats_cpp" "IPTM.inference" 
".Call" "Netstats_cpp" "IPTM.inference" 
".Call" "Netstats_cpp" "IPTM.inference" 
".Call" "Netstats_cpp" "IPTM.inference" 
".Call" "Netstats_cpp" "IPTM.inference" 
".Call" "Netstats_cpp" "IPTM.inference" 
".Call" "Netstats_cpp" "IPTM.inference" 
".Call" "Netstats_cpp" "IPTM.inference" 
".Call" "Netstats_cpp" "IPTM.inference" 
".Call" "Netstats_cpp" "IPTM.inference" 
".Call" "Netstats_cpp" "IPTM.inference" 
".Call" "Netstats_cpp" "IPTM.inference" 
".Call" "Netstats_cpp" "IPTM.inference" 
".Call" "Netstats_cpp" "IPTM.inference" 
".Call" "Netstats_cpp" "IPTM.inference" 
".Call" "Netstats_cpp" "IPTM.inference" 
".Call" "Netstats_cpp" "IPTM.inference" 
".Call" "mu_vec" "IPTM.inference" 
".Call" "Netstats_cpp" "IPTM.inference" 
".Call" "Netstats_cpp" "IPTM.inference" 
".Call" "Netstats_cpp" "IPTM.inference" 
".Call" "Netstats_cpp" "IPTM.inference" 
".Call" "Netstats_cpp" "IPTM.inference" 
".Call" "Netstats_cpp" "IPTM.inference" 
"IPTM.inference" 
".Call" "Netstats_cpp" "IPTM.inference" 
".Call" "Netstats_cpp" "IPTM.inference" 
".Call" "Netstats_cpp" "IPTM.inference" 
".Call" "Netstats_cpp" "IPTM.inference" 
".Call" "Netstats_cpp" "IPTM.inference" 
".Call" "Netstats_cpp" "IPTM.inference" 
".Call" "Netstats_cpp" "IPTM.inference" 
".Call" "Netstats_cpp" "IPTM.inference" 
".Call" "Netstats_cpp" "IPTM.inference" 
".Call" "Netstats_cpp" "IPTM.inference" 
".Call" "History" "IPTM.inference" 
".Call" "Netstats_cpp" "IPTM.inference" 
"Topicpart" "IPTM.inference" 
".Call" "Netstats_cpp" "IPTM.inference" 
".Call" "Netstats_cpp" "IPTM.inference" 
".Call" "Netstats_cpp" "IPTM.inference" 
".Call" "Edgepartsum" "IPTM.inference" 
".Call" "Netstats_cpp" "IPTM.inference" 
".Call" "Netstats_cpp" "IPTM.inference" 
".Call" "Netstats_cpp" "IPTM.inference" 
".Call" "Netstats_cpp" "IPTM.inference" 
".Call" "Netstats_cpp" "IPTM.inference" 
".Call" "Netstats_cpp" "IPTM.inference" 
".Call" "Netstats_cpp" "IPTM.inference" 
".Call" "Edgepartsum" "IPTM.inference" 
".Call" "Edgepartsum" "IPTM.inference" 
"lmultinom" "IPTM.inference" 
".Call" "Netstats_cpp" "IPTM.inference" 
".Call" "Netstats_cpp" "IPTM.inference" 
".Call" "Netstats_cpp" "IPTM.inference" 
".Call" "Netstats_cpp" "IPTM.inference" 
".Call" "Netstats_cpp" "IPTM.inference" 
".Call" "Netstats_cpp" "IPTM.inference" 
"IPTM.inference" 
".Call" "Netstats_cpp" "IPTM.inference" 
".Call" "Netstats_cpp" "IPTM.inference" 
".Call" "Netstats_cpp" "IPTM.inference" 
".Call" "Netstats_cpp" "IPTM.inference" 
".Call" "Netstats_cpp" "IPTM.inference" 
".Call" "Netstats_cpp" "IPTM.inference" 
".Call" "Netstats_cpp" "IPTM.inference" 
".Call" "Netstats_cpp" "IPTM.inference" 
".Call" "Netstats_cpp" "IPTM.inference" 
".Call" "Netstats_cpp" "IPTM.inference" 
".Call" "Netstats_cpp" "IPTM.inference" 
".Call" "Netstats_cpp" "IPTM.inference" 
".Call" "Netstats_cpp" "IPTM.inference" 
".Call" "Netstats_cpp" "IPTM.inference" 
".Call" "History" "IPTM.inference" 
".Call" "Netstats_cpp" "IPTM.inference" 
".Call" "Netstats_cpp" "IPTM.inference" 
".Call" "Netstats_cpp" "IPTM.inference" 
".Call" "Netstats_cpp" "IPTM.inference" 
".Call" "Netstats_cpp" "IPTM.inference" 
".Call" "Netstats_cpp" "IPTM.inference" 
".Call" "Netstats_cpp" "IPTM.inference" 
".Call" "Netstats_cpp" "IPTM.inference" 
".Call" "Netstats_cpp" "IPTM.inference" 
".Call" "History" "IPTM.inference" 
".Call" "Netstats_cpp" "IPTM.inference" 
".Call" "Netstats_cpp" "IPTM.inference" 
".Call" "Netstats_cpp" "IPTM.inference" 
".Call" "Netstats_cpp" "IPTM.inference" 
".Call" "Netstats_cpp" "IPTM.inference" 
".Call" "Netstats_cpp" "IPTM.inference" 
".Call" "Netstats_cpp" "IPTM.inference" 
".Call" "Netstats_cpp" "IPTM.inference" 
".Call" "Netstats_cpp" "IPTM.inference" 
".Call" "Netstats_cpp" "IPTM.inference" 
".Call" "Netstats_cpp" "IPTM.inference" 
"tabulateC" "IPTM.inference" 
".Call" "History" "IPTM.inference" 
".Call" "Netstats_cpp" "IPTM.inference" 
".Call" "Netstats_cpp" "IPTM.inference" 
".Call" "Netstats_cpp" "IPTM.inference" 
".Call" "Netstats_cpp" "IPTM.inference" 
".Call" "Netstats_cpp" "IPTM.inference" 
".Call" "Netstats_cpp" "IPTM.inference" 
".Call" "Netstats_cpp" "IPTM.inference" 
".Call" "Netstats_cpp" "IPTM.inference" 
".Call" "Netstats_cpp" "IPTM.inference" 
".Call" "Netstats_cpp" "IPTM.inference" 
".Call" "Netstats_cpp" "IPTM.inference" 
".Call" "Netstats_cpp" "IPTM.inference" 
".Call" "Netstats_cpp" "IPTM.inference" 
".Call" "Netstats_cpp" "IPTM.inference" 
".Call" "Netstats_cpp" "IPTM.inference" 
".Call" "Netstats_cpp" "IPTM.inference" 
".Call" "Netstats_cpp" "IPTM.inference" 
".Call" "Netstats_cpp" "IPTM.inference" 
".Call" "Netstats_cpp" "IPTM.inference" 
".Call" "Netstats_cpp" "IPTM.inference" 
".Call" "Netstats_cpp" "IPTM.inference" 
".Call" "Netstats_cpp" "IPTM.inference" 
".Call" "Netstats_cpp" "IPTM.inference" 
".Call" "Netstats_cpp" "IPTM.inference" 
".Call" "Netstats_cpp" "IPTM.inference" 
".Call" "Netstats_cpp" "IPTM.inference" 
".Call" "Netstats_cpp" "IPTM.inference" 
".Call" "Netstats_cpp" "IPTM.inference" 
".Call" "Netstats_cpp" "IPTM.inference" 
".Call" "Netstats_cpp" "IPTM.inference" 
".Call" "Netstats_cpp" "IPTM.inference" 
".Call" "Netstats_cpp" "IPTM.inference" 
".Call" "Netstats_cpp" "IPTM.inference" 
".Call" "Edgepartsum" "IPTM.inference" 
".Call" "Netstats_cpp" "IPTM.inference" 
".Call" "Netstats_cpp" "IPTM.inference" 
".Call" "Netstats_cpp" "IPTM.inference" 
".Call" "Netstats_cpp" "IPTM.inference" 
".Call" "Netstats_cpp" "IPTM.inference" 
".Call" "Netstats_cpp" "IPTM.inference" 
".Call" "Netstats_cpp" "IPTM.inference" 
".Call" "Netstats_cpp" "IPTM.inference" 
".Call" "Netstats_cpp" "IPTM.inference" 
".Call" "Netstats_cpp" "IPTM.inference" 
".Call" "Netstats_cpp" "IPTM.inference" 
".Call" "Netstats_cpp" "IPTM.inference" 
".Call" "Netstats_cpp" "IPTM.inference" 
".Call" "Netstats_cpp" "IPTM.inference" 
".Call" "Netstats_cpp" "IPTM.inference" 
".Call" "Netstats_cpp" "IPTM.inference" 
".Call" "History" "IPTM.inference" 
".Call" "Netstats_cpp" "IPTM.inference" 
".Call" "Netstats_cpp" "IPTM.inference" 
".Call" "Netstats_cpp" "IPTM.inference" 
".Call" "Netstats_cpp" "IPTM.inference" 
".Call" "Netstats_cpp" "IPTM.inference" 
".Call" "Edgepartsum" "IPTM.inference" 
".Call" "Netstats_cpp" "IPTM.inference" 
".Call" "Netstats_cpp" "IPTM.inference" 
".Call" "Netstats_cpp" "IPTM.inference" 
".Call" "Netstats_cpp" "IPTM.inference" 
".Call" "Netstats_cpp" "IPTM.inference" 
".Call" "Netstats_cpp" "IPTM.inference" 
".Call" "Netstats_cpp" "IPTM.inference" 
".Call" "Netstats_cpp" "IPTM.inference" 
".Call" "Netstats_cpp" "IPTM.inference" 
".Call" "History" "IPTM.inference" 
".Call" "Netstats_cpp" "IPTM.inference" 
".Call" "Netstats_cpp" "IPTM.inference" 
".Call" "Netstats_cpp" "IPTM.inference" 
".Call" "Netstats_cpp" "IPTM.inference" 
".Call" "Netstats_cpp" "IPTM.inference" 
".Call" "Netstats_cpp" "IPTM.inference" 
".Call" "Netstats_cpp" "IPTM.inference" 
"Edgepartsum" "IPTM.inference" 
".Call" "Netstats_cpp" "IPTM.inference" 
".Call" "Netstats_cpp" "IPTM.inference" 
".Call" "Netstats_cpp" "IPTM.inference" 
".Call" "Netstats_cpp" "IPTM.inference" 
".Call" "Netstats_cpp" "IPTM.inference" 
".Call" "Netstats_cpp" "IPTM.inference" 
".Call" "Netstats_cpp" "IPTM.inference" 
".Call" "Netstats_cpp" "IPTM.inference" 
".Call" "Netstats_cpp" "IPTM.inference" 
".Call" "Edgepartsum" "IPTM.inference" 
".Call" "Netstats_cpp" "IPTM.inference" 
".Call" "History" "IPTM.inference" 
".Call" "Netstats_cpp" "IPTM.inference" 
".Call" "Netstats_cpp" "IPTM.inference" 
".Call" "Netstats_cpp" "IPTM.inference" 
".Call" "Netstats_cpp" "IPTM.inference" 
".Call" "Netstats_cpp" "IPTM.inference" 
".Call" "Edgepartsum" "IPTM.inference" 
"History" "IPTM.inference" 
".Call" "Netstats_cpp" "IPTM.inference" 
".Call" "Netstats_cpp" "IPTM.inference" 
".Call" "Netstats_cpp" "IPTM.inference" 
".Call" "Netstats_cpp" "IPTM.inference" 
".Call" "Netstats_cpp" "IPTM.inference" 
".Call" "Netstats_cpp" "IPTM.inference" 
".Call" "Netstats_cpp" "IPTM.inference" 
".Call" "Netstats_cpp" "IPTM.inference" 
".Call" "Netstats_cpp" "IPTM.inference" 
".Call" "Netstats_cpp" "IPTM.inference" 
"mu_vec" "IPTM.inference" 
".Call" "Netstats_cpp" "IPTM.inference" 
".Call" "Netstats_cpp" "IPTM.inference" 
".Call" "Netstats_cpp" "IPTM.inference" 
".Call" "History" "IPTM.inference" 
".Call" "Netstats_cpp" "IPTM.inference" 
".Call" "Netstats_cpp" "IPTM.inference" 
".Call" "Netstats_cpp" "IPTM.inference" 
".Call" "History" "IPTM.inference" 
".Call" "Netstats_cpp" "IPTM.inference" 
".Call" "Netstats_cpp" "IPTM.inference" 
".Call" "History" "IPTM.inference" 
".Call" "Netstats_cpp" "IPTM.inference" 
".Call" "History" "IPTM.inference" 
".Call" "Netstats_cpp" "IPTM.inference" 
".Call" "Netstats_cpp" "IPTM.inference" 
".Call" "Netstats_cpp" "IPTM.inference" 
".Call" "Netstats_cpp" "IPTM.inference" 
".Call" "Netstats_cpp" "IPTM.inference" 
".Call" "Netstats_cpp" "IPTM.inference" 
".Call" "Netstats_cpp" "IPTM.inference" 
".Call" "Netstats_cpp" "IPTM.inference" 
".Call" "Netstats_cpp" "IPTM.inference" 
".Call" "Netstats_cpp" "IPTM.inference" 
".Call" "Netstats_cpp" "IPTM.inference" 
".Call" "Netstats_cpp" "IPTM.inference" 
".Call" "Netstats_cpp" "IPTM.inference" 
".Call" "Netstats_cpp" "IPTM.inference" 
".Call" "Netstats_cpp" "IPTM.inference" 
".Call" "History" "IPTM.inference" 
".Call" "Netstats_cpp" "IPTM.inference" 
".Call" "History" "IPTM.inference" 
".Call" "Netstats_cpp" "IPTM.inference" 
".Call" "Netstats_cpp" "IPTM.inference" 
".Call" "Netstats_cpp" "IPTM.inference" 
".Call" "Netstats_cpp" "IPTM.inference" 
"IPTM.inference" 
".Call" "Netstats_cpp" "IPTM.inference" 
".Call" "Netstats_cpp" "IPTM.inference" 
".Call" "Netstats_cpp" "IPTM.inference" 
".Call" "Netstats_cpp" "IPTM.inference" 
".Call" "Netstats_cpp" "IPTM.inference" 
".Call" "Netstats_cpp" "IPTM.inference" 
".Call" "Netstats_cpp" "IPTM.inference" 
".Call" "Netstats_cpp" "IPTM.inference" 
".Call" "Netstats_cpp" "IPTM.inference" 
".Call" "Netstats_cpp" "IPTM.inference" 
".Call" "Netstats_cpp" "IPTM.inference" 
".Call" "Netstats_cpp" "IPTM.inference" 
".Call" "Netstats_cpp" "IPTM.inference" 
".Call" "Netstats_cpp" "IPTM.inference" 
".Call" "Netstats_cpp" "IPTM.inference" 
"Netstats_cpp" "IPTM.inference" 
".Call" "Netstats_cpp" "IPTM.inference" 
".Call" "Netstats_cpp" "IPTM.inference" 
".Call" "Netstats_cpp" "IPTM.inference" 
".Call" "History" "IPTM.inference" 
".Call" "Netstats_cpp" "IPTM.inference" 
".Call" "Netstats_cpp" "IPTM.inference" 
".Call" "Netstats_cpp" "IPTM.inference" 
".Call" "Netstats_cpp" "IPTM.inference" 
".Call" "Netstats_cpp" "IPTM.inference" 
"IPTM.inference" 
".Call" "Netstats_cpp" "IPTM.inference" 
".Call" "Netstats_cpp" "IPTM.inference" 
".Call" "Netstats_cpp" "IPTM.inference" 
".Call" "Netstats_cpp" "IPTM.inference" 
".Call" "Netstats_cpp" "IPTM.inference" 
".Call" "Netstats_cpp" "IPTM.inference" 
".Call" "Netstats_cpp" "IPTM.inference" 
".Call" "Netstats_cpp" "IPTM.inference" 
".Call" "Netstats_cpp" "IPTM.inference" 
"History" "IPTM.inference" 
"mu_vec" "IPTM.inference" 
".Call" "Netstats_cpp" "IPTM.inference" 
".Call" "Netstats_cpp" "IPTM.inference" 
".Call" "Netstats_cpp" "IPTM.inference" 
".Call" "Netstats_cpp" "IPTM.inference" 
".Call" "Netstats_cpp" "IPTM.inference" 
".Call" "Netstats_cpp" "IPTM.inference" 
".Call" "Netstats_cpp" "IPTM.inference" 
".Call" "Netstats_cpp" "IPTM.inference" 
".Call" "Netstats_cpp" "IPTM.inference" 
".Call" "Netstats_cpp" "IPTM.inference" 
".Call" "Netstats_cpp" "IPTM.inference" 
".Call" "Netstats_cpp" "IPTM.inference" 
".Call" "Netstats_cpp" "IPTM.inference" 
".Call" "Netstats_cpp" "IPTM.inference" 
".Call" "Netstats_cpp" "IPTM.inference" 
".Call" "Netstats_cpp" "IPTM.inference" 
".Call" "Netstats_cpp" "IPTM.inference" 
".Call" "Netstats_cpp" "IPTM.inference" 
".Call" "History" "IPTM.inference" 
".Call" "Netstats_cpp" "IPTM.inference" 
".Call" "Netstats_cpp" "IPTM.inference" 
".Call" "Netstats_cpp" "IPTM.inference" 
".Call" "Netstats_cpp" "IPTM.inference" 
".Call" "Netstats_cpp" "IPTM.inference" 
".Call" "Netstats_cpp" "IPTM.inference" 
".Call" "Netstats_cpp" "IPTM.inference" 
".Call" "Netstats_cpp" "IPTM.inference" 
".Call" "Netstats_cpp" "IPTM.inference" 
".Call" "Netstats_cpp" "IPTM.inference" 
".Call" "Netstats_cpp" "IPTM.inference" 
".Call" "Netstats_cpp" "IPTM.inference" 
".Call" "Netstats_cpp" "IPTM.inference" 
".Call" "Netstats_cpp" "IPTM.inference" 
".Call" "Netstats_cpp" "IPTM.inference" 
".Call" "Netstats_cpp" "IPTM.inference" 
"History" "IPTM.inference" 
".Call" "Netstats_cpp" "IPTM.inference" 
".Call" "Netstats_cpp" "IPTM.inference" 
".Call" "Netstats_cpp" "IPTM.inference" 
".Call" "Netstats_cpp" "IPTM.inference" 
".Call" "Netstats_cpp" "IPTM.inference" 
".Call" "Netstats_cpp" "IPTM.inference" 
".Call" "Netstats_cpp" "IPTM.inference" 
".Call" "Netstats_cpp" "IPTM.inference" 
".Call" "Netstats_cpp" "IPTM.inference" 
".Call" "Netstats_cpp" "IPTM.inference" 
".Call" "Netstats_cpp" "IPTM.inference" 
".Call" "Netstats_cpp" "IPTM.inference" 
".Call" "Netstats_cpp" "IPTM.inference" 
".Call" "Edgepartsum" "IPTM.inference" 
".Call" "Netstats_cpp" "IPTM.inference" 
"IPTM.inference" 
".Call" "Netstats_cpp" "IPTM.inference" 
".Call" "Netstats_cpp" "IPTM.inference" 
".Call" "Netstats_cpp" "IPTM.inference" 
".Call" "Netstats_cpp" "IPTM.inference" 
".Call" "Netstats_cpp" "IPTM.inference" 
".Call" "Netstats_cpp" "IPTM.inference" 
".Call" "History" "IPTM.inference" 
".Call" "Netstats_cpp" "IPTM.inference" 
".Call" "Netstats_cpp" "IPTM.inference" 
".Call" "Netstats_cpp" "IPTM.inference" 
".Call" "Netstats_cpp" "IPTM.inference" 
".Call" "Netstats_cpp" "IPTM.inference" 
".Call" "Netstats_cpp" "IPTM.inference" 
".Call" "Netstats_cpp" "IPTM.inference" 
".Call" "Netstats_cpp" "IPTM.inference" 
".Call" "Netstats_cpp" "IPTM.inference" 
".Call" "Netstats_cpp" "IPTM.inference" 
".Call" "Netstats_cpp" "IPTM.inference" 
"tabulateC" "IPTM.inference" 
".Call" "Netstats_cpp" "IPTM.inference" 
".Call" "Netstats_cpp" "IPTM.inference" 
".Call" "History" "IPTM.inference" 
".Call" "Netstats_cpp" "IPTM.inference" 
".Call" "Netstats_cpp" "IPTM.inference" 
".Call" "Netstats_cpp" "IPTM.inference" 
".Call" "Netstats_cpp" "IPTM.inference" 
".Call" "History" "IPTM.inference" 
".Call" "Netstats_cpp" "IPTM.inference" 
".Call" "Edgepartsum" "IPTM.inference" 
".Call" "Netstats_cpp" "IPTM.inference" 
".Call" "Netstats_cpp" "IPTM.inference" 
".Call" "Netstats_cpp" "IPTM.inference" 
".Call" "Netstats_cpp" "IPTM.inference" 
".Call" "Netstats_cpp" "IPTM.inference" 
".Call" "Netstats_cpp" "IPTM.inference" 
".Call" "History" "IPTM.inference" 
".Call" "Netstats_cpp" "IPTM.inference" 
".Call" "Netstats_cpp" "IPTM.inference" 
".Call" "Netstats_cpp" "IPTM.inference" 
".Call" "Netstats_cpp" "IPTM.inference" 
".Call" "Netstats_cpp" "IPTM.inference" 
".Call" "Netstats_cpp" "IPTM.inference" 
".Call" "Netstats_cpp" "IPTM.inference" 
"Topicpart" "IPTM.inference" 
".Call" "Netstats_cpp" "IPTM.inference" 
".Call" "Netstats_cpp" "IPTM.inference" 
".Call" "Netstats_cpp" "IPTM.inference" 
".Call" "Netstats_cpp" "IPTM.inference" 
".Call" "Netstats_cpp" "IPTM.inference" 
".Call" "Netstats_cpp" "IPTM.inference" 
".Call" "Netstats_cpp" "IPTM.inference" 
".Call" "Netstats_cpp" "IPTM.inference" 
".Call" "Netstats_cpp" "IPTM.inference" 
".Call" "Netstats_cpp" "IPTM.inference" 
".Call" "Netstats_cpp" "IPTM.inference" 
".Call" "Netstats_cpp" "IPTM.inference" 
".Call" "Netstats_cpp" "IPTM.inference" 
"IPTM.inference" 
".Call" "Netstats_cpp" "IPTM.inference" 
".Call" "History" "IPTM.inference" 
".Call" "Netstats_cpp" "IPTM.inference" 
".Call" "Netstats_cpp" "IPTM.inference" 
".Call" "Netstats_cpp" "IPTM.inference" 
".Call" "Netstats_cpp" "IPTM.inference" 
".Call" "Netstats_cpp" "IPTM.inference" 
".Call" "Netstats_cpp" "IPTM.inference" 
".Call" "Netstats_cpp" "IPTM.inference" 
".Call" "History" "IPTM.inference" 
".Call" "Netstats_cpp" "IPTM.inference" 
".Call" "Netstats_cpp" "IPTM.inference" 
".Call" "Netstats_cpp" "IPTM.inference" 
".Call" "Netstats_cpp" "IPTM.inference" 
".Call" "Netstats_cpp" "IPTM.inference" 
".Call" "Netstats_cpp" "IPTM.inference" 
".Call" "Netstats_cpp" "IPTM.inference" 
".Call" "Netstats_cpp" "IPTM.inference" 
".Call" "Netstats_cpp" "IPTM.inference" 
".Call" "Netstats_cpp" "IPTM.inference" 
".Call" "Netstats_cpp" "IPTM.inference" 
".Call" "Netstats_cpp" "IPTM.inference" 
".Call" "History" "IPTM.inference" 
"History" "IPTM.inference" 
".Call" "Netstats_cpp" "IPTM.inference" 
".Call" "History" "IPTM.inference" 
".Call" "Netstats_cpp" "IPTM.inference" 
".Call" "Netstats_cpp" "IPTM.inference" 
"Edgepartsum" "IPTM.inference" 
".Call" "Netstats_cpp" "IPTM.inference" 
".Call" "History" "IPTM.inference" 
".Call" "Netstats_cpp" "IPTM.inference" 
".Call" "Netstats_cpp" "IPTM.inference" 
".Call" "Netstats_cpp" "IPTM.inference" 
".Call" "History" "IPTM.inference" 
".Call" "Edgepartsum" "IPTM.inference" 
".Call" "Netstats_cpp" "IPTM.inference" 
".Call" "Netstats_cpp" "IPTM.inference" 
".Call" "Netstats_cpp" "IPTM.inference" 
".Call" "Netstats_cpp" "IPTM.inference" 
".Call" "Netstats_cpp" "IPTM.inference" 
".Call" "Netstats_cpp" "IPTM.inference" 
".Call" "Netstats_cpp" "IPTM.inference" 
".Call" "Netstats_cpp" "IPTM.inference" 
".Call" "Netstats_cpp" "IPTM.inference" 
".Call" "Netstats_cpp" "IPTM.inference" 
".Call" "Netstats_cpp" "IPTM.inference" 
".Call" "Netstats_cpp" "IPTM.inference" 
"Timepart" "IPTM.inference" 
".Call" "Netstats_cpp" "IPTM.inference" 
".Call" "Edgepartsum" "IPTM.inference" 
".Call" "Netstats_cpp" "IPTM.inference" 
".Call" "Netstats_cpp" "IPTM.inference" 
".Call" "Netstats_cpp" "IPTM.inference" 
".Call" "Netstats_cpp" "IPTM.inference" 
".Call" "Netstats_cpp" "IPTM.inference" 
".Call" "Netstats_cpp" "IPTM.inference" 
".Call" "Netstats_cpp" "IPTM.inference" 
".Call" "Netstats_cpp" "IPTM.inference" 
".Call" "Netstats_cpp" "IPTM.inference" 
".Call" "Netstats_cpp" "IPTM.inference" 
".Call" "Netstats_cpp" "IPTM.inference" 
".Call" "Netstats_cpp" "IPTM.inference" 
".Call" "Netstats_cpp" "IPTM.inference" 
".Call" "Netstats_cpp" "IPTM.inference" 
".Call" "Netstats_cpp" "IPTM.inference" 
".Call" "Netstats_cpp" "IPTM.inference" 
".Call" "Netstats_cpp" "IPTM.inference" 
".Call" "Netstats_cpp" "IPTM.inference" 
".Call" "Netstats_cpp" "IPTM.inference" 
".Call" "Netstats_cpp" "IPTM.inference" 
".Call" "Netstats_cpp" "IPTM.inference" 
".Call" "Netstats_cpp" "IPTM.inference" 
".Call" "Netstats_cpp" "IPTM.inference" 
".Call" "Netstats_cpp" "IPTM.inference" 
".Call" "Netstats_cpp" "IPTM.inference" 
".Call" "Netstats_cpp" "IPTM.inference" 
".Call" "Netstats_cpp" "IPTM.inference" 
".Call" "Netstats_cpp" "IPTM.inference" 
".Call" "Netstats_cpp" "IPTM.inference" 
".Call" "Netstats_cpp" "IPTM.inference" 
".Call" "Netstats_cpp" "IPTM.inference" 
".Call" "Netstats_cpp" "IPTM.inference" 
".Call" "Netstats_cpp" "IPTM.inference" 
".Call" "Netstats_cpp" "IPTM.inference" 
".Call" "Netstats_cpp" "IPTM.inference" 
".Call" "Netstats_cpp" "IPTM.inference" 
".Call" "Netstats_cpp" "IPTM.inference" 
".Call" "Netstats_cpp" "IPTM.inference" 
".Call" "Netstats_cpp" "IPTM.inference" 
".Call" "Netstats_cpp" "IPTM.inference" 
".Call" "Netstats_cpp" "IPTM.inference" 
".Call" "Netstats_cpp" "IPTM.inference" 
".Call" "Netstats_cpp" "IPTM.inference" 
".Call" "Netstats_cpp" "IPTM.inference" 
".Call" "Netstats_cpp" "IPTM.inference" 
".Call" "Netstats_cpp" "IPTM.inference" 
".Call" "Netstats_cpp" "IPTM.inference" 
".Call" "Netstats_cpp" "IPTM.inference" 
".Call" "Netstats_cpp" "IPTM.inference" 
".Call" "Netstats_cpp" "IPTM.inference" 
".Call" "mu_vec" "IPTM.inference" 
".Call" "Netstats_cpp" "IPTM.inference" 
".Call" "History" "IPTM.inference" 
".Call" "Netstats_cpp" "IPTM.inference" 
".Call" "Netstats_cpp" "IPTM.inference" 
".Call" "Netstats_cpp" "IPTM.inference" 
".Call" "Netstats_cpp" "IPTM.inference" 
".Call" "Netstats_cpp" "IPTM.inference" 
".Call" "Netstats_cpp" "IPTM.inference" 
".Call" "Netstats_cpp" "IPTM.inference" 
".Call" "Netstats_cpp" "IPTM.inference" 
".Call" "Netstats_cpp" "IPTM.inference" 
".Call" "Netstats_cpp" "IPTM.inference" 
".Call" "History" "IPTM.inference" 
".Call" "Netstats_cpp" "IPTM.inference" 
".Call" "Netstats_cpp" "IPTM.inference" 
".Call" "Netstats_cpp" "IPTM.inference" 
".Call" "History" "IPTM.inference" 
".Call" "Netstats_cpp" "IPTM.inference" 
".Call" "Netstats_cpp" "IPTM.inference" 
".Call" "Netstats_cpp" "IPTM.inference" 
".Call" "Netstats_cpp" "IPTM.inference" 
".Call" "Netstats_cpp" "IPTM.inference" 
".Call" "Netstats_cpp" "IPTM.inference" 
".Call" "Netstats_cpp" "IPTM.inference" 
".Call" "Netstats_cpp" "IPTM.inference" 
".Call" "Netstats_cpp" "IPTM.inference" 
".Call" "Netstats_cpp" "IPTM.inference" 
".Call" "Netstats_cpp" "IPTM.inference" 
".Call" "Netstats_cpp" "IPTM.inference" 
".Call" "Netstats_cpp" "IPTM.inference" 
".Call" "Netstats_cpp" "IPTM.inference" 
".Call" "Netstats_cpp" "IPTM.inference" 
".Call" "Netstats_cpp" "IPTM.inference" 
".Call" "Netstats_cpp" "IPTM.inference" 
".Call" "Netstats_cpp" "IPTM.inference" 
".Call" "Netstats_cpp" "IPTM.inference" 
".Call" "Netstats_cpp" "IPTM.inference" 
".Call" "Netstats_cpp" "IPTM.inference" 
".Call" "Netstats_cpp" "IPTM.inference" 
".Call" "Netstats_cpp" "IPTM.inference" 
".Call" "Netstats_cpp" "IPTM.inference" 
".Call" "Netstats_cpp" "IPTM.inference" 
".Call" "Netstats_cpp" "IPTM.inference" 
"History" "IPTM.inference" 
".Call" "Netstats_cpp" "IPTM.inference" 
".Call" "Netstats_cpp" "IPTM.inference" 
".Call" "Netstats_cpp" "IPTM.inference" 
".Call" "Netstats_cpp" "IPTM.inference" 
".Call" "Netstats_cpp" "IPTM.inference" 
".Call" "Netstats_cpp" "IPTM.inference" 
".Call" "Netstats_cpp" "IPTM.inference" 
".Call" "Netstats_cpp" "IPTM.inference" 
".Call" "Netstats_cpp" "IPTM.inference" 
".Call" "Edgepartsum" "IPTM.inference" 